Database initialized successfully
Patched server running on 3001
GET /classes endpoint hit
Classes table structure: [
  {
    cid: 0,
    name: 'id',
    type: 'INTEGER',
    notnull: 0,
    dflt_value: null,
    pk: 1
  },
  {
    cid: 1,
    name: 'teacher_id',
    type: 'INTEGER',
    notnull: 1,
    dflt_value: null,
    pk: 0
  },
  {
    cid: 2,
    name: 'class_name',
    type: 'TEXT',
    notnull: 1,
    dflt_value: null,
    pk: 0
  },
  {
    cid: 3,
    name: 'section',
    type: 'TEXT',
    notnull: 1,
    dflt_value: null,
    pk: 0
  },
  {
    cid: 4,
    name: 'subject_code',
    type: 'TEXT',
    notnull: 1,
    dflt_value: null,
    pk: 0
  },
  {
    cid: 5,
    name: 'subject_name',
    type: 'TEXT',
    notnull: 1,
    dflt_value: null,
    pk: 0
  },
  {
    cid: 6,
    name: 'hours',
    type: 'INTEGER',
    notnull: 1,
    dflt_value: null,
    pk: 0
  },
  {
    cid: 7,
    name: 'created_at',
    type: 'TEXT',
    notnull: 0,
    dflt_value: 'CURRENT_TIMESTAMP',
    pk: 0
  }
]
Executing: SELECT id, class_name, section FROM classes
Found classes: 19
